{
  "RSpec": {
    "coverage": {
      "/home/karen/Code/friendly_id-method_scopes/spec/controllers/authors_controller_spec.rb": [
        1,
        null,
        1,
        1,
        null,
        1,
        1,
        1,
        1,
        null,
        null,
        null,
        1,
        1,
        1,
        1,
        null,
        null,
        null,
        null
      ],
      "/home/karen/Code/friendly_id-method_scopes/spec/rails_helper.rb": [
        null,
        1,
        1,
        null,
        1,
        1,
        1,
        1,
        1,
        null,
        null,
        null,
        null,
        null,
        null,
        null,
        null,
        null,
        null,
        null,
        null,
        null,
        null,
        null,
        null,
        3,
        null,
        null,
        null,
        1,
        null,
        1,
        1,
        null,
        1,
        11,
        null,
        null,
        1,
        11,
        null,
        null,
        1,
        11,
        null,
        null,
        1,
        null
      ],
      "/home/karen/Code/friendly_id-method_scopes/spec/dummy/config/environment.rb": [
        null,
        1,
        null,
        null,
        1
      ],
      "/home/karen/Code/friendly_id-method_scopes/spec/dummy/config/application.rb": [
        1,
        null,
        null,
        1,
        1,
        1,
        1,
        1,
        null,
        null,
        null,
        null,
        1,
        1,
        1,
        null,
        1,
        1,
        null,
        null,
        null,
        null,
        null,
        null,
        null,
        null,
        null,
        null,
        null,
        null,
        1,
        1,
        1,
        1,
        1,
        1,
        1,
        1,
        1,
        null,
        null,
        null,
        null,
        null,
        null
      ],
      "/home/karen/Code/friendly_id-method_scopes/spec/dummy/config/boot.rb": [
        null,
        1,
        null,
        1,
        1
      ],
      "/home/karen/Code/friendly_id-method_scopes/lib/friendly_id/method_scopes.rb": [
        1,
        1,
        null,
        null,
        null,
        1,
        1,
        null,
        null,
        null,
        null,
        1,
        1,
        1,
        null,
        null,
        null,
        null,
        null,
        null,
        null,
        null,
        1,
        5,
        5,
        5,
        null,
        5,
        5,
        null,
        1,
        null,
        1,
        5,
        null,
        1,
        null,
        1,
        1,
        null,
        1,
        5,
        5,
        5,
        5,
        null,
        null,
        null,
        1,
        null,
        1,
        5,
        5,
        null,
        null,
        null,
        1,
        5,
        5,
        null,
        null,
        null,
        1,
        10,
        10,
        null,
        null,
        null,
        null
      ],
      "/home/karen/Code/friendly_id-method_scopes/spec/dummy/config/environments/test.rb": [
        1,
        null,
        null,
        null,
        null,
        null,
        null,
        1,
        null,
        null,
        null,
        null,
        1,
        null,
        null,
        1,
        1,
        null,
        null,
        null,
        null,
        1,
        1,
        null,
        null,
        1,
        null,
        null,
        1,
        1,
        null,
        null,
        null,
        null,
        1,
        null,
        null,
        1,
        null,
        null,
        null,
        null
      ],
      "/home/karen/Code/friendly_id-method_scopes/spec/dummy/config/initializers/application_controller_renderer.rb": [
        null,
        null,
        null,
        null,
        null,
        null
      ],
      "/home/karen/Code/friendly_id-method_scopes/spec/dummy/config/initializers/assets.rb": [
        null,
        null,
        null,
        1,
        null,
        null,
        null,
        null,
        null,
        null,
        null
      ],
      "/home/karen/Code/friendly_id-method_scopes/spec/dummy/config/initializers/backtrace_silencers.rb": [
        null,
        null,
        null,
        null,
        null,
        null,
        null
      ],
      "/home/karen/Code/friendly_id-method_scopes/spec/dummy/config/initializers/cookies_serializer.rb": [
        null,
        null,
        null,
        null,
        1
      ],
      "/home/karen/Code/friendly_id-method_scopes/spec/dummy/config/initializers/filter_parameter_logging.rb": [
        null,
        null,
        null,
        1
      ],
      "/home/karen/Code/friendly_id-method_scopes/spec/dummy/config/initializers/inflections.rb": [
        null,
        null,
        null,
        null,
        null,
        null,
        null,
        null,
        null,
        null,
        null,
        null,
        null,
        null,
        null,
        null
      ],
      "/home/karen/Code/friendly_id-method_scopes/spec/dummy/config/initializers/mime_types.rb": [
        null,
        null,
        null,
        null
      ],
      "/home/karen/Code/friendly_id-method_scopes/spec/dummy/config/initializers/new_framework_defaults.rb": [
        null,
        null,
        null,
        null,
        null,
        null,
        null,
        null,
        null,
        1,
        null,
        null,
        1,
        null,
        null,
        null,
        1,
        null,
        null,
        1
      ],
      "/home/karen/Code/friendly_id-method_scopes/spec/dummy/config/initializers/rolify.rb": [
        1,
        null,
        null,
        null,
        null,
        null,
        null
      ],
      "/home/karen/Code/friendly_id-method_scopes/spec/dummy/config/initializers/session_store.rb": [
        null,
        null,
        1
      ],
      "/home/karen/Code/friendly_id-method_scopes/spec/dummy/config/initializers/wrap_parameters.rb": [
        null,
        null,
        null,
        null,
        null,
        null,
        1,
        1,
        null,
        null,
        null,
        null,
        null,
        null
      ],
      "/home/karen/Code/friendly_id-method_scopes/spec/dummy/spec/factories/author.rb": [
        1,
        1,
        1,
        9,
        null,
        null
      ],
      "/home/karen/Code/friendly_id-method_scopes/spec/dummy/spec/factories/book.rb": [
        1,
        1,
        1,
        1,
        1,
        null,
        null,
        null,
        null,
        null,
        1,
        5,
        null,
        null,
        null
      ],
      "/home/karen/Code/friendly_id-method_scopes/spec/dummy/config/routes.rb": [
        1,
        1,
        1,
        null,
        1,
        null
      ],
      "/home/karen/Code/friendly_id-method_scopes/spec/dummy/spec/support/books_with_authors.rb": [
        1,
        4,
        5,
        7,
        5,
        4,
        null
      ],
      "/home/karen/Code/friendly_id-method_scopes/spec/dummy/spec/support/authors.rb": [
        1,
        10,
        6,
        null
      ],
      "/home/karen/Code/friendly_id-method_scopes/spec/dummy/app/controllers/authors_controller.rb": [
        1,
        1,
        null,
        null,
        1,
        1,
        null,
        null,
        null,
        1,
        null,
        null,
        1,
        null,
        1,
        1,
        null,
        null
      ],
      "/home/karen/Code/friendly_id-method_scopes/spec/dummy/app/controllers/application_controller.rb": [
        1,
        null,
        null,
        1,
        null
      ],
      "/home/karen/Code/friendly_id-method_scopes/spec/controllers/books_controller_spec.rb": [
        1,
        null,
        1,
        1,
        null,
        1,
        2,
        1,
        1,
        1,
        null,
        null,
        null,
        1,
        2,
        1,
        1,
        null,
        null,
        1,
        null,
        null,
        null,
        null
      ],
      "/home/karen/Code/friendly_id-method_scopes/spec/dummy/app/controllers/books_controller.rb": [
        1,
        1,
        1,
        null,
        null,
        1,
        1,
        null,
        null,
        null,
        1,
        null,
        null,
        1,
        null,
        1,
        1,
        null,
        null,
        1,
        2,
        null,
        null
      ],
      "/home/karen/Code/friendly_id-method_scopes/spec/models/author_spec.rb": [
        1,
        null,
        1,
        1,
        null,
        1,
        2,
        2,
        null,
        null,
        null
      ],
      "/home/karen/Code/friendly_id-method_scopes/spec/dummy/app/models/author.rb": [
        1,
        null,
        1,
        null,
        null,
        1,
        1,
        null,
        1,
        2,
        null,
        null
      ],
      "/home/karen/Code/friendly_id-method_scopes/spec/models/book_spec.rb": [
        1,
        null,
        1,
        1,
        null,
        1,
        2,
        2,
        null,
        1,
        2,
        2,
        null,
        null,
        null
      ],
      "/home/karen/Code/friendly_id-method_scopes/spec/dummy/app/models/book.rb": [
        1,
        null,
        1,
        null,
        null,
        1,
        1,
        null,
        1,
        5,
        null,
        null,
        1,
        5,
        null,
        null
      ],
      "/home/karen/Code/friendly_id-method_scopes/spec/routing/authors_routing_spec.rb": [
        1,
        null,
        1,
        1,
        null,
        1,
        1,
        null,
        null,
        1,
        1,
        null,
        null,
        null,
        null
      ],
      "/home/karen/Code/friendly_id-method_scopes/spec/routing/books_routing_spec.rb": [
        1,
        null,
        1,
        1,
        null,
        1,
        1,
        null,
        null,
        1,
        1,
        null,
        null,
        null,
        null
      ],
      "/home/karen/Code/friendly_id-method_scopes/spec/dummy/app/models/role.rb": [
        1,
        1,
        1,
        null,
        1,
        null,
        null,
        null,
        1,
        null
      ]
    },
    "timestamp": 1591637921
  }
}
